Build started 4/17/2016 3:15:35 PM.
     1>Project "C:\Users\Gayatri\MissionRnDProjects\untitled\src\src.vcxproj" on node 2 (Build target(s)).
     1>ClCompile:
         C:\Program Files (x86)\Microsoft Visual Studio 12.0\VC\bin\CL.exe /c /ZI /nologo /W3 /WX- /sdl /Od /Oy- /D WIN32 /D _DEBUG /D _CONSOLE /D _LIB /D _UNICODE /D UNICODE /Gm /EHsc /RTC1 /MDd /GS /fp:precise /Zc:wchar_t /Zc:forScope /Fo"Debug\\" /Fd"Debug\vc120.pdb" /Gd /TP /analyze- /errorReport:prompt Pillars.cpp
         Pillars.cpp
     1>c:\users\gayatri\missionrndprojects\untitled\src\pillars.cpp(69): error C2143: syntax error : missing ';' before ')'
     1>Done Building Project "C:\Users\Gayatri\MissionRnDProjects\untitled\src\src.vcxproj" (Build target(s)) -- FAILED.

Build FAILED.

Time Elapsed 00:00:01.11
